This file contains any messages produced by compilers while
running configure, to aid debugging if configure makes a mistake.

It was created by curl configure -, which was
generated by GNU Autoconf 2.64.  Invocation command line was

  $ ./configure CPP=/cygdrive/d/ndk/toolchains/arm-linux-androideabi-4.4.3/prebuilt/windows/arm-linux-androideabi-cpp CC=/cygdrive/d/ndk/toolchains/arm-linux-androideabi-4.4.3/prebuilt/windows/arm-linux-androideabi-gcc RANLIB=/cygdrive/d/ndk/toolchains/arm-linux-androideabi-4.4.3/prebuilt/windows/arm-linux-androideabi-ranlib AR=/cygdrive/d/ndk/toolchains/arm-linux-androideabi-4.4.3/prebuilt/windows/arm-linux-androideabi-ar --prefix=/curl --with-sysroot=/cygdrive/d/ndk/platforms/android-9/arch-arm CFLAGS=-DANDROID CPPFLAGS=--sysroot=/cygdrive/d/ndk/platforms/android-9/arch-arm LDFLAGS=--sysroot=/cygdrive/d/ndk/platforms/android-9/arch-arm -Wl --enable-threaded-resolver --host=arm-android-linux --enable-threaded-resolver --disable-rtsp --disable-file --disable-dict --disable-ftp --disable-gopher --disable-tftp --disable-imap --disable-pop3 --disable-telnet --disable-smtp --disable-ldap --disable-ldaps --without-libidn --enable-hidden-symbols --disable-manual --with-ssl

## --------- ##
## Platform. ##
## --------- ##

hostname = SKosarevsky
uname -m = i686
uname -r = 1.7.7(0.230/5/3)
uname -s = CYGWIN_NT-6.1-WOW64
uname -v = 2010-08-31 09:58

/usr/bin/uname -p = unknown
/bin/uname -X     = unknown

/bin/arch              = i686
/usr/bin/arch -k       = unknown
/usr/convex/getsysinfo = unknown
/usr/bin/hostinfo      = unknown
/bin/machine           = unknown
/usr/bin/oslevel       = unknown
/bin/universe          = unknown

PATH: /usr/local/bin
PATH: /usr/bin
PATH: /bin
PATH: /cygdrive/c/TeX/miktex/bin
PATH: /cygdrive/d/ndk/
PATH: /cygdrive/d/apache-ant-1.8.1/bin
PATH: /cygdrive/c/Program Files (x86)/NVIDIA Corporation/PhysX/Common
PATH: /cygdrive/c/Windows/system32
PATH: /cygdrive/c/Windows
PATH: /cygdrive/c/Windows/System32/Wbem
PATH: /cygdrive/c/Windows/System32/WindowsPowerShell/v1.0/
PATH: /cygdrive/c/Program Files (x86)/Microsoft SQL Server/90/Tools/binn/
PATH: /cygdrive/c/Program Files (x86)/VisualSVN Server/bin/
PATH: /cygdrive/c/Windows/Microsoft.NET/Framework/v3.5/
PATH: /cygdrive/c/Program Files (x86)/Microsoft Visual Studio 9.0/VC/vcpackages/
PATH: /cygdrive/c/Program Files (x86)/doxygen/bin
PATH: /cygdrive/c/Program Files (x86)/Graphviz2.26.3/bin
PATH: /cygdrive/d/ndk/
PATH: /usr/bin
PATH: /cygdrive/d/MinGW/bin/
PATH: /cygdrive/c/Program Files/TortoiseHg/
PATH: /cygdrive/c/Program Files/WinRAR/
PATH: /cygdrive/d/gradle-1.0-milestone-3/bin
PATH: /cygdrive/c/Program Files (x86)/Microsoft SQL Server/110/Tools/Binn/
PATH: /cygdrive/c/Program Files/Microsoft SQL Server/110/Tools/Binn/
PATH: /cygdrive/c/Program Files (x86)/Git/cmd
PATH: /cygdrive/c/Program Files (x86)/Cppcheck/
PATH: /cygdrive/c/Program Files/Aladdin/eToken/PKIClient/x32
PATH: /cygdrive/c/Program Files/Aladdin/eToken/PKIClient/x64
PATH: /cygdrive/c/Program Files (x86)/OpenVPN/bin


## ----------- ##
## Core tests. ##
## ----------- ##

configure:2704: checking whether to enable maintainer-specific portions of Makefiles
configure:2713: result: no
configure:2730: checking whether to enable debug build options
configure:2749: result: no
configure:2753: checking whether to enable compiler optimizer
configure:2774: result: (assumed) yes
configure:2786: checking whether to enable strict compiler warnings
configure:2805: result: no
configure:2809: checking whether to enable compiler warnings as errors
configure:2828: result: no
configure:2832: checking whether to enable curl debug memory tracking
configure:2851: result: no
configure:2865: checking whether to enable c-ares for DNS lookups
configure:2887: result: no
configure:2909: checking for sed
configure:2928: found /usr/bin/sed
configure:2941: result: /usr/bin/sed
configure:2958: checking for grep
configure:2977: found /usr/bin/grep
configure:2990: result: /usr/bin/grep
configure:3006: checking for egrep
configure:3009: result: /usr/bin/grep -E
configure:3213: checking for a BSD-compatible install
configure:3281: result: /usr/bin/install -c
configure:3292: checking whether build environment is sane
configure:3329: result: yes
configure:3391: checking for gawk
configure:3407: found /usr/bin/gawk
configure:3418: result: gawk
configure:3429: checking whether make sets $(MAKE)
configure:3451: result: yes
configure:3629: checking curl version
configure:3631: result: 7.25.0
configure:3673: checking build system type
configure:3687: result: i686-pc-cygwin
configure:3707: checking host system type
configure:3720: result: i686-pc-cygwin
configure:3758: checking for style of include used by make
configure:3786: result: GNU
configure:3862: checking for gcc
configure:3889: result: /cygdrive/d/ndk/toolchains/arm-linux-androideabi-4.4.3/prebuilt/windows/arm-linux-androideabi-gcc
configure:4118: checking for C compiler version
configure:4127: /cygdrive/d/ndk/toolchains/arm-linux-androideabi-4.4.3/prebuilt/windows/arm-linux-androideabi-gcc --version >&5
./configure: line 4129: /cygdrive/d/ndk/toolchains/arm-linux-androideabi-4.4.3/prebuilt/windows/arm-linux-androideabi-gcc: No such file or directory
configure:4138: $? = 127
configure:4127: /cygdrive/d/ndk/toolchains/arm-linux-androideabi-4.4.3/prebuilt/windows/arm-linux-androideabi-gcc -v >&5
./configure: line 4129: /cygdrive/d/ndk/toolchains/arm-linux-androideabi-4.4.3/prebuilt/windows/arm-linux-androideabi-gcc: No such file or directory
configure:4138: $? = 127
configure:4127: /cygdrive/d/ndk/toolchains/arm-linux-androideabi-4.4.3/prebuilt/windows/arm-linux-androideabi-gcc -V >&5
./configure: line 4129: /cygdrive/d/ndk/toolchains/arm-linux-androideabi-4.4.3/prebuilt/windows/arm-linux-androideabi-gcc: No such file or directory
configure:4138: $? = 127
configure:4127: /cygdrive/d/ndk/toolchains/arm-linux-androideabi-4.4.3/prebuilt/windows/arm-linux-androideabi-gcc -qversion >&5
./configure: line 4129: /cygdrive/d/ndk/toolchains/arm-linux-androideabi-4.4.3/prebuilt/windows/arm-linux-androideabi-gcc: No such file or directory
configure:4138: $? = 127
configure:4159: checking for C compiler default output file name
configure:4181: /cygdrive/d/ndk/toolchains/arm-linux-androideabi-4.4.3/prebuilt/windows/arm-linux-androideabi-gcc -DANDROID --sysroot=/cygdrive/d/ndk/platforms/android-9/arch-arm --sysroot=/cygdrive/d/ndk/platforms/android-9/arch-arm -Wl --enable-threaded-resolver --host=arm-android-linux --enable-threaded-resolver --disable-rtsp --disable-file --disable-dict --disable-ftp --disable-gopher --disable-tftp --disable-imap --disable-pop3 --disable-telnet --disable-smtp --disable-ldap --disable-ldaps --without-libidn --enable-hidden-symbols --disable-manual --with-ssl conftest.c  >&5
./configure: line 4183: /cygdrive/d/ndk/toolchains/arm-linux-androideabi-4.4.3/prebuilt/windows/arm-linux-androideabi-gcc: No such file or directory
configure:4185: $? = 127
configure:4222: result: 
configure: failed program was:
| /* confdefs.h */
| #define PACKAGE_NAME "curl"
| #define PACKAGE_TARNAME "curl"
| #define PACKAGE_VERSION "-"
| #define PACKAGE_STRING "curl -"
| #define PACKAGE_BUGREPORT "a suitable curl mailing list: http://curl.haxx.se/mail/"
| #define PACKAGE_URL ""
| #define PACKAGE "curl"
| #define VERSION "-"
| #define OS "i686-pc-cygwin"
| /* end confdefs.h.  */
| #include <stdio.h>
| int main (void)
| {
| FILE *f = fopen ("conftest.out", "w");
|  return ferror (f) || fclose (f) != 0;
| 
|  ;
|  return 0;
| }
configure:4228: error: in `/cygdrive/c/trunk.git/Dependencies/Curl/libcurl/jni':
configure:4232: error: C compiler cannot create executables
See `config.log' for more details.

## ---------------- ##
## Cache variables. ##
## ---------------- ##

ac_cv_build=i686-pc-cygwin
ac_cv_env_CC_set=set
ac_cv_env_CC_value=/cygdrive/d/ndk/toolchains/arm-linux-androideabi-4.4.3/prebuilt/windows/arm-linux-androideabi-gcc
ac_cv_env_CFLAGS_set=set
ac_cv_env_CFLAGS_value=-DANDROID
ac_cv_env_CPPFLAGS_set=set
ac_cv_env_CPPFLAGS_value=--sysroot=/cygdrive/d/ndk/platforms/android-9/arch-arm
ac_cv_env_CPP_set=set
ac_cv_env_CPP_value=/cygdrive/d/ndk/toolchains/arm-linux-androideabi-4.4.3/prebuilt/windows/arm-linux-androideabi-cpp
ac_cv_env_LDFLAGS_set=set
ac_cv_env_LDFLAGS_value='--sysroot=/cygdrive/d/ndk/platforms/android-9/arch-arm -Wl --enable-threaded-resolver --host=arm-android-linux --enable-threaded-resolver --disable-rtsp --disable-file --disable-dict --disable-ftp --disable-gopher --disable-tftp --disable-imap --disable-pop3 --disable-telnet --disable-smtp --disable-ldap --disable-ldaps --without-libidn --enable-hidden-symbols --disable-manual --with-ssl'
ac_cv_env_LIBS_set=
ac_cv_env_LIBS_value=
ac_cv_env_build_alias_set=
ac_cv_env_build_alias_value=
ac_cv_env_host_alias_set=
ac_cv_env_host_alias_value=
ac_cv_env_target_alias_set=
ac_cv_env_target_alias_value=
ac_cv_host=i686-pc-cygwin
ac_cv_path_GREP=/usr/bin/grep
ac_cv_path_SED=/usr/bin/sed
ac_cv_path_install='/usr/bin/install -c'
ac_cv_prog_AWK=gawk
ac_cv_prog_ac_ct_CC=/cygdrive/d/ndk/toolchains/arm-linux-androideabi-4.4.3/prebuilt/windows/arm-linux-androideabi-gcc
ac_cv_prog_make_make_set=yes
curl_cv_PATH_SEPARATOR=:

## ----------------- ##
## Output variables. ##
## ----------------- ##

ACLOCAL='${SHELL} "/cygdrive/c/trunk.git/Dependencies/Curl/libcurl/jni/missing" --run aclocal-1.9'
AMDEPBACKSLASH='\'
AMDEP_FALSE='#'
AMDEP_TRUE=''
AMTAR='${SHELL} "/cygdrive/c/trunk.git/Dependencies/Curl/libcurl/jni/missing" --run tar'
AR='/cygdrive/d/ndk/toolchains/arm-linux-androideabi-4.4.3/prebuilt/windows/arm-linux-androideabi-ar'
AS=''
AUTOCONF='${SHELL} "/cygdrive/c/trunk.git/Dependencies/Curl/libcurl/jni/missing" --run autoconf'
AUTOHEADER='${SHELL} "/cygdrive/c/trunk.git/Dependencies/Curl/libcurl/jni/missing" --run autoheader'
AUTOMAKE='${SHELL} "/cygdrive/c/trunk.git/Dependencies/Curl/libcurl/jni/missing" --run automake-1.9'
AWK='gawk'
BUILD_LIBHOSTNAME_FALSE=''
BUILD_LIBHOSTNAME_TRUE=''
BUILD_UNITTESTS_FALSE=''
BUILD_UNITTESTS_TRUE=''
CC='/cygdrive/d/ndk/toolchains/arm-linux-androideabi-4.4.3/prebuilt/windows/arm-linux-androideabi-gcc'
CCDEPMODE=''
CFLAGS='-DANDROID'
CONFIGURE_OPTIONS='" '\''CPP=/cygdrive/d/ndk/toolchains/arm-linux-androideabi-4.4.3/prebuilt/windows/arm-linux-androideabi-cpp'\'' '\''CC=/cygdrive/d/ndk/toolchains/arm-linux-androideabi-4.4.3/prebuilt/windows/arm-linux-androideabi-gcc'\'' '\''RANLIB=/cygdrive/d/ndk/toolchains/arm-linux-androideabi-4.4.3/prebuilt/windows/arm-linux-androideabi-ranlib'\'' '\''AR=/cygdrive/d/ndk/toolchains/arm-linux-androideabi-4.4.3/prebuilt/windows/arm-linux-androideabi-ar'\'' '\''--prefix=/curl'\'' '\''--with-sysroot=/cygdrive/d/ndk/platforms/android-9/arch-arm'\'' '\''CFLAGS=-DANDROID'\'' '\''CPPFLAGS=--sysroot=/cygdrive/d/ndk/platforms/android-9/arch-arm'\'' '\''LDFLAGS=--sysroot=/cygdrive/d/ndk/platforms/android-9/arch-arm -Wl --enable-threaded-resolver --host=arm-android-linux --enable-threaded-resolver --disable-rtsp --disable-file --disable-dict --disable-ftp --disable-gopher --disable-tftp --disable-imap --disable-pop3 --disable-telnet --disable-smtp --disable-ldap --disable-ldaps --without-libidn --enable-hidden-symbols --disable-manual --with-ssl'\''"'
CPP='/cygdrive/d/ndk/toolchains/arm-linux-androideabi-4.4.3/prebuilt/windows/arm-linux-androideabi-cpp'
CPPFLAGS='--sysroot=/cygdrive/d/ndk/platforms/android-9/arch-arm'
CROSSCOMPILING_FALSE=''
CROSSCOMPILING_TRUE=''
CURLDEBUG_FALSE=''
CURLDEBUG_TRUE=''
CURLVERSION='7.25.0'
CURL_CA_BUNDLE=''
CURL_CFLAG_EXTRAS=''
CURL_DISABLE_DICT=''
CURL_DISABLE_FILE=''
CURL_DISABLE_FTP=''
CURL_DISABLE_GOPHER=''
CURL_DISABLE_HTTP=''
CURL_DISABLE_IMAP=''
CURL_DISABLE_LDAP=''
CURL_DISABLE_LDAPS=''
CURL_DISABLE_POP3=''
CURL_DISABLE_PROXY=''
CURL_DISABLE_RTSP=''
CURL_DISABLE_SMTP=''
CURL_DISABLE_TELNET=''
CURL_DISABLE_TFTP=''
CURL_LIBS=''
CURL_NETWORK_LIBS=''
CYGPATH_W='cygpath -w'
DEFS=''
DEPDIR='.deps'
DLLTOOL=''
DSYMUTIL=''
DUMPBIN=''
ECHO_C=''
ECHO_N='-n'
ECHO_T=''
EGREP='/usr/bin/grep -E'
ENABLE_SHARED=''
EXEEXT=''
FGREP=''
GREP='/usr/bin/grep'
HAVE_GNUTLS_SRP=''
HAVE_LDAP_SSL=''
HAVE_LIBZ=''
HAVE_LIBZ_FALSE=''
HAVE_LIBZ_TRUE=''
HAVE_PK11_CREATEGENERICOBJECT=''
HAVE_SSLEAY_SRP=''
IDN_ENABLED=''
INSTALL_DATA='${INSTALL} -m 644'
INSTALL_PROGRAM='${INSTALL}'
INSTALL_SCRIPT='${INSTALL}'
INSTALL_STRIP_PROGRAM='${SHELL} $(install_sh) -c -s'
IPV6_ENABLED=''
KRB4_ENABLED=''
LD=''
LDFLAGS='--sysroot=/cygdrive/d/ndk/platforms/android-9/arch-arm -Wl --enable-threaded-resolver --host=arm-android-linux --enable-threaded-resolver --disable-rtsp --disable-file --disable-dict --disable-ftp --disable-gopher --disable-tftp --disable-imap --disable-pop3 --disable-telnet --disable-smtp --disable-ldap --disable-ldaps --without-libidn --enable-hidden-symbols --disable-manual --with-ssl'
LIBCURL_LIBS=''
LIBOBJS=''
LIBS=''
LIBTOOL=''
LIPO=''
LN_S=''
LTLIBOBJS=''
MAINT='#'
MAINTAINER_MODE_FALSE=''
MAINTAINER_MODE_TRUE='#'
MAKEINFO='${SHELL} "/cygdrive/c/trunk.git/Dependencies/Curl/libcurl/jni/missing" --run makeinfo'
MANIFEST_TOOL=''
MANOPT=''
MIMPURE_FALSE=''
MIMPURE_TRUE=''
NM=''
NMEDIT=''
NO_UNDEFINED_FALSE=''
NO_UNDEFINED_TRUE=''
NROFF=''
OBJDUMP=''
OBJEXT=''
OTOOL64=''
OTOOL=''
PACKAGE='curl'
PACKAGE_BUGREPORT='a suitable curl mailing list: http://curl.haxx.se/mail/'
PACKAGE_NAME='curl'
PACKAGE_STRING='curl -'
PACKAGE_TARNAME='curl'
PACKAGE_URL=''
PACKAGE_VERSION='-'
PATH='/usr/local/bin:/usr/bin:/bin:/cygdrive/c/TeX/miktex/bin:/cygdrive/d/ndk/:/cygdrive/d/apache-ant-1.8.1/bin:/cygdrive/c/Program Files (x86)/NVIDIA Corporation/PhysX/Common:/cygdrive/c/Windows/system32:/cygdrive/c/Windows:/cygdrive/c/Windows/System32/Wbem:/cygdrive/c/Windows/System32/WindowsPowerShell/v1.0/:/cygdrive/c/Program Files (x86)/Microsoft SQL Server/90/Tools/binn/:/cygdrive/c/Program Files (x86)/VisualSVN Server/bin/:/cygdrive/c/Windows/Microsoft.NET/Framework/v3.5/:/cygdrive/c/Program Files (x86)/Microsoft Visual Studio 9.0/VC/vcpackages/:/cygdrive/c/Program Files (x86)/doxygen/bin:/cygdrive/c/Program Files (x86)/Graphviz2.26.3/bin:/cygdrive/d/ndk/:/usr/bin:/cygdrive/d/MinGW/bin/:/cygdrive/c/Program Files/TortoiseHg/:/cygdrive/c/Program Files/WinRAR/:/cygdrive/d/gradle-1.0-milestone-3/bin:/cygdrive/c/Program Files (x86)/Microsoft SQL Server/110/Tools/Binn/:/cygdrive/c/Program Files/Microsoft SQL Server/110/Tools/Binn/:/cygdrive/c/Program Files (x86)/Git/cmd:/cygdrive/c/Program Files (x86)/Cppcheck/:/cygdrive/c/Program Files/Aladdin/eToken/PKIClient/x32:/cygdrive/c/Program Files/Aladdin/eToken/PKIClient/x64:/cygdrive/c/Program Files (x86)/OpenVPN/bin'
PATH_SEPARATOR=':'
PERL=''
PKGADD_NAME='cURL - a client that groks URLs'
PKGADD_PKG='HAXXcurl'
PKGADD_VENDOR='curl.haxx.se'
PKGCONFIG=''
RANDOM_FILE=''
RANLIB='/cygdrive/d/ndk/toolchains/arm-linux-androideabi-4.4.3/prebuilt/windows/arm-linux-androideabi-ranlib'
REQUIRE_LIB_DEPS=''
SED='/usr/bin/sed'
SET_MAKE=''
SHELL='/bin/sh'
SONAME_BUMP_FALSE=''
SONAME_BUMP_TRUE=''
SSL_ENABLED=''
STATICLIB_FALSE=''
STATICLIB_TRUE=''
STRIP=''
SUPPORT_FEATURES=''
SUPPORT_PROTOCOLS=''
TEST_SERVER_LIBS=''
USE_ARES=''
USE_AXTLS=''
USE_CYASSL=''
USE_EMBEDDED_ARES_FALSE=''
USE_EMBEDDED_ARES_TRUE=''
USE_GNUTLS=''
USE_GNUTLS_NETTLE=''
USE_LIBRTMP=''
USE_LIBSSH2=''
USE_MANUAL_FALSE=''
USE_MANUAL_TRUE=''
USE_NSS=''
USE_OPENLDAP=''
USE_POLARSSL=''
USE_SSLEAY=''
USE_WINDOWS_SSPI=''
VERSION='-'
VERSIONED_FLAVOUR=''
VERSIONED_SYMBOLS_FALSE=''
VERSIONED_SYMBOLS_TRUE=''
VERSIONNUM='071900'
ac_ct_AR=''
ac_ct_CC='/cygdrive/d/ndk/toolchains/arm-linux-androideabi-4.4.3/prebuilt/windows/arm-linux-androideabi-gcc'
ac_ct_DUMPBIN=''
am__fastdepCC_FALSE=''
am__fastdepCC_TRUE=''
am__include='include'
am__leading_dot='.'
am__quote=''
am__tar='${AMTAR} chof - "$$tardir"'
am__untar='${AMTAR} xf -'
bindir='${exec_prefix}/bin'
build='i686-pc-cygwin'
build_alias=''
build_cpu='i686'
build_os='cygwin'
build_vendor='pc'
datadir='${datarootdir}'
datarootdir='${prefix}/share'
docdir='${datarootdir}/doc/${PACKAGE_TARNAME}'
dvidir='${docdir}'
exec_prefix='NONE'
host='i686-pc-cygwin'
host_alias=''
host_cpu='i686'
host_os='cygwin'
host_vendor='pc'
htmldir='${docdir}'
includedir='${prefix}/include'
infodir='${datarootdir}/info'
install_sh='/cygdrive/c/trunk.git/Dependencies/Curl/libcurl/jni/install-sh'
libdir='${exec_prefix}/lib'
libexecdir='${exec_prefix}/libexec'
libext=''
localedir='${datarootdir}/locale'
localstatedir='${prefix}/var'
mandir='${datarootdir}/man'
mkdir_p='mkdir -p --'
oldincludedir='/usr/include'
pdfdir='${docdir}'
prefix='/curl'
program_transform_name='s,x,x,'
psdir='${docdir}'
sbindir='${exec_prefix}/sbin'
sharedstatedir='${prefix}/com'
subdirs=''
sysconfdir='${prefix}/etc'
target_alias=''

## ----------- ##
## confdefs.h. ##
## ----------- ##

/* confdefs.h */
#define PACKAGE_NAME "curl"
#define PACKAGE_TARNAME "curl"
#define PACKAGE_VERSION "-"
#define PACKAGE_STRING "curl -"
#define PACKAGE_BUGREPORT "a suitable curl mailing list: http://curl.haxx.se/mail/"
#define PACKAGE_URL ""
#define PACKAGE "curl"
#define VERSION "-"
#define OS "i686-pc-cygwin"

configure: exit 77
